[debug] [2017-08-04T16:54:41.645Z] ----------------------------------------------------------------------
[debug] [2017-08-04T16:54:41.648Z] Command:      /usr/local/Cellar/node/6.3.1/bin/node /usr/local/bin/firebase deploy --only functions
[debug] [2017-08-04T16:54:41.648Z] CLI Version:  3.9.1
[debug] [2017-08-04T16:54:41.648Z] Platform:     darwin
[debug] [2017-08-04T16:54:41.648Z] Node Version: v6.3.1
[debug] [2017-08-04T16:54:41.649Z] Time:         Fri Aug 04 2017 12:54:41 GMT-0400 (EDT)
[debug] [2017-08-04T16:54:41.649Z] ----------------------------------------------------------------------
[debug] 
[debug] [2017-08-04T16:54:41.664Z] > command requires scopes: ["email","openid","https://www.googleapis.com/auth/cloudplatformprojects.readonly","https://www.googleapis.com/auth/firebase","https://www.googleapis.com/auth/cloud-platform"]
[debug] [2017-08-04T16:54:41.664Z] > authorizing via signed-in user
[debug] [2017-08-04T16:54:41.666Z] > refreshing access token with scopes: ["email","https://www.googleapis.com/auth/cloud-platform","https://www.googleapis.com/auth/cloudplatformprojects.readonly","https://www.googleapis.com/auth/firebase","openid"]
[debug] [2017-08-04T16:54:41.667Z] >>> HTTP REQUEST POST https://www.googleapis.com/oauth2/v3/token { refresh_token: '1/92oqv7u903eacFf9ub_iLgwlO4Kahq8K4DI3CkHDOLU',
  client_id: '563584335869-fgrhgmd47bqnekij5i8b5pr03ho849e6.apps.googleusercontent.com',
  client_secret: 'j9iVZfS8kkCEFUPaAeJV0sAi',
  grant_type: 'refresh_token',
  scope: 'email https://www.googleapis.com/auth/cloud-platform https://www.googleapis.com/auth/cloudplatformprojects.readonly https://www.googleapis.com/auth/firebase openid' } 
 Fri Aug 04 2017 12:54:41 GMT-0400 (EDT)
[debug] [2017-08-04T16:54:41.832Z] <<< HTTP RESPONSE 200
[debug] [2017-08-04T16:54:41.834Z] >>> HTTP REQUEST GET https://admin.firebase.com/v1/projects/life-hacks-f10ae  
 Fri Aug 04 2017 12:54:41 GMT-0400 (EDT)
[debug] [2017-08-04T16:54:42.461Z] <<< HTTP RESPONSE 200
[debug] [2017-08-04T16:54:42.462Z] >>> HTTP REQUEST GET https://admin.firebase.com/v1/database/life-hacks-f10ae/tokens  
 Fri Aug 04 2017 12:54:42 GMT-0400 (EDT)
[debug] [2017-08-04T16:54:43.432Z] <<< HTTP RESPONSE 200
[info] 
[info] === Deploying to 'life-hacks-f10ae'...
[info] 
[info] i  deploying functions
[debug] [2017-08-04T16:54:43.954Z] > [functions] package.json contents: {
  "name": "Life-Pro-Tips",
  "description": "Gives you a life pro tip everyday",
  "version": "0.0.1",
  "private": true,
  "license": "Apache Version 2.0",
  "author": "Google Inc.",
  "engines": {
    "node": "~6.0"
  },
  "scripts": {
    "lint": "eslint --fix \"**/*.js\"",
    "start": "firebase serve --only functions",
    "deploy": "firebase deploy --only functions",
    "test": "npm run lint"
  },
  "dependencies": {
    "actions-on-google": "^1.0.0",
    "firebase-admin": "^4.2.1",
    "firebase-functions": "^0.5.7"
  },
  "devDependencies": {
    "eslint": "^3.19.0",
    "eslint-config-semistandard": "^11.0.0",
    "eslint-config-standard": "^10.2.1",
    "eslint-plugin-import": "^2.3.0",
    "eslint-plugin-node": "^5.0.0",
    "eslint-plugin-promise": "^3.5.0",
    "eslint-plugin-standard": "^3.0.1"
  }
}
[info] i  functions: ensuring necessary APIs are enabled...
[info] i  runtimeconfig: ensuring necessary APIs are enabled...
[debug] [2017-08-04T16:54:43.956Z] >>> HTTP REQUEST GET https://servicemanagement.googleapis.com/v1/services/cloudfunctions.googleapis.com/projectSettings/life-hacks-f10ae?view=CONSUMER_VIEW  
 Fri Aug 04 2017 12:54:43 GMT-0400 (EDT)
[debug] [2017-08-04T16:54:43.956Z] >>> HTTP REQUEST GET https://servicemanagement.googleapis.com/v1/services/runtimeconfig.googleapis.com/projectSettings/life-hacks-f10ae?view=CONSUMER_VIEW  
 Fri Aug 04 2017 12:54:43 GMT-0400 (EDT)
[debug] [2017-08-04T16:54:44.825Z] <<< HTTP RESPONSE 200
[warn] ⚠  functions: missing necessary APIs. Enabling now...
[debug] [2017-08-04T16:54:44.826Z] >>> HTTP REQUEST PATCH https://servicemanagement.googleapis.com/v1/services/cloudfunctions.googleapis.com/projectSettings/life-hacks-f10ae?updateMask=usageSettings { usageSettings: { consumerEnableStatus: 'ENABLED' } } 
 Fri Aug 04 2017 12:54:44 GMT-0400 (EDT)
[debug] [2017-08-04T16:54:44.832Z] <<< HTTP RESPONSE 200
[warn] ⚠  runtimeconfig: missing necessary APIs. Enabling now...
[debug] [2017-08-04T16:54:44.832Z] >>> HTTP REQUEST PATCH https://servicemanagement.googleapis.com/v1/services/runtimeconfig.googleapis.com/projectSettings/life-hacks-f10ae?updateMask=usageSettings { usageSettings: { consumerEnableStatus: 'ENABLED' } } 
 Fri Aug 04 2017 12:54:44 GMT-0400 (EDT)
[debug] [2017-08-04T16:54:47.165Z] <<< HTTP RESPONSE 200
[debug] [2017-08-04T16:54:49.519Z] <<< HTTP RESPONSE 200
[debug] [2017-08-04T16:54:57.167Z] >>> HTTP REQUEST GET https://servicemanagement.googleapis.com/v1/services/runtimeconfig.googleapis.com/projectSettings/life-hacks-f10ae?view=CONSUMER_VIEW  
 Fri Aug 04 2017 12:54:57 GMT-0400 (EDT)
[debug] [2017-08-04T16:54:57.948Z] <<< HTTP RESPONSE 200
[info] ✔  runtimeconfig: all necessary APIs are enabled
[debug] [2017-08-04T16:54:59.535Z] >>> HTTP REQUEST GET https://servicemanagement.googleapis.com/v1/services/cloudfunctions.googleapis.com/projectSettings/life-hacks-f10ae?view=CONSUMER_VIEW  
 Fri Aug 04 2017 12:54:59 GMT-0400 (EDT)
[debug] [2017-08-04T16:55:00.123Z] <<< HTTP RESPONSE 200
[info] i  functions: waiting for APIs to activate...
[debug] [2017-08-04T16:55:10.125Z] >>> HTTP REQUEST GET https://servicemanagement.googleapis.com/v1/services/cloudfunctions.googleapis.com/projectSettings/life-hacks-f10ae?view=CONSUMER_VIEW  
 Fri Aug 04 2017 12:55:10 GMT-0400 (EDT)
[debug] [2017-08-04T16:55:10.774Z] <<< HTTP RESPONSE 200
[info] i  functions: waiting for APIs to activate...
[debug] [2017-08-04T16:55:20.776Z] >>> HTTP REQUEST GET https://servicemanagement.googleapis.com/v1/services/cloudfunctions.googleapis.com/projectSettings/life-hacks-f10ae?view=CONSUMER_VIEW  
 Fri Aug 04 2017 12:55:20 GMT-0400 (EDT)
[debug] [2017-08-04T16:55:21.375Z] <<< HTTP RESPONSE 200
[info] i  functions: waiting for APIs to activate...
[debug] [2017-08-04T16:55:31.378Z] >>> HTTP REQUEST GET https://servicemanagement.googleapis.com/v1/services/cloudfunctions.googleapis.com/projectSettings/life-hacks-f10ae?view=CONSUMER_VIEW  
 Fri Aug 04 2017 12:55:31 GMT-0400 (EDT)
[debug] [2017-08-04T16:55:32.529Z] <<< HTTP RESPONSE 200
[info] i  functions: waiting for APIs to activate...
[debug] [2017-08-04T16:55:42.534Z] >>> HTTP REQUEST GET https://servicemanagement.googleapis.com/v1/services/cloudfunctions.googleapis.com/projectSettings/life-hacks-f10ae?view=CONSUMER_VIEW  
 Fri Aug 04 2017 12:55:42 GMT-0400 (EDT)
[debug] [2017-08-04T16:55:43.236Z] <<< HTTP RESPONSE 200
[info] i  functions: waiting for APIs to activate...
